<?xml version="1.0" encoding="UTF-8"?>
<!-- Generated by org.testng.reporters.JUnitReportReporter -->
<testsuite hostname="DESKTOP-TBVFDVG" failures="0" tests="1" name="com.inetBanking.testCases.TC_AddCustomerTest_003" time="17.391" errors="0" timestamp="18 Feb 2022 07:51:53 GMT" skipped="0">
  <testcase classname="com.inetBanking.testCases.TC_AddCustomerTest_003" name="addCustomer" time="17.391"/>
</testsuite> <!-- com.inetBanking.testCases.TC_AddCustomerTest_003 -->
