<?xml version="1.0" encoding="UTF-8"?>
<!-- Generated by org.testng.reporters.JUnitReportReporter -->
<testsuite hostname="DESKTOP-TBVFDVG" failures="0" tests="1" name="com.inetBanking.testCases.TC_Logintest_001" time="0.552" errors="0" timestamp="18 Feb 2022 09:31:45 GMT" skipped="0">
  <testcase classname="com.inetBanking.testCases.TC_Logintest_001" name="loginTest" time="0.552"/>
</testsuite> <!-- com.inetBanking.testCases.TC_Logintest_001 -->
